InChIKey: ASMQGLCHMVWBQR-UHFFFAOYSA-N, SMILES: C1=CC=C(C=C1)OP(=O)(O)OC2=CC=CC=C2
InChIKey: DGQGXWYXJGUYJU-UHFFFAOYSA-N, SMILES: CC1=C(C(=O)OC2=CC(=CC(=C12)O)O)CC(=O)O
InChIKey: JBPRGCMCHRBQFQ-UHFFFAOYSA-N, SMILES: COC(=O)CC1=CC(=O)OC2=CC(=C(C=C12)O)O
InChIKey: QCYGFCYJOHAJMS-UHFFFAOYSA-N, SMILES: CC1=C(C(=O)OC2=C1C=CC(=C2O)O)CC(=O)O
InChIKey: QQVDJLLNRSOCEL-UHFFFAOYSA-N, SMILES: C(CP(=O)(O)O)N
InChIKey: DJKDIKIDYDXHDD-YTQMDITASA-N, SMILES: CCCCCC(C=CC1C2CC(C1CC=CCCCC(=O)O)OC2)O
InChIKey: JGKIBUMNHSZUSL-ULLTVHSUSA-N, SMILES: CCCCCC=CC=C1C(C=CC1=O)CC=CCCCC(=O)OC(CO)CO
InChIKey: PAJMKGZZBBTTOY-ZFORQUDYSA-N, SMILES: CCCCCC(CCC1C(CC2C1CC3=C(C2)C(=CC=C3)OCC(=O)O)O)O
InChIKey: ROZAFJXVUNORLT-SFIVEXQWSA-N, SMILES: CCCCCC(C=CC1C(C(CC1=C)O)CC=CCCCC(=O)O)O
InChIKey: SHIBSTMRCDJXLN-SYIORAATSA-N, SMILES: CC12CCC(CC1CCC3C2CC(C4(C3(CCC4C5=CC(=O)OC5)O)C)O)O
InChIKey: VKEJXDXJUFQESA-ZVWDXINSSA-N, SMILES: CCCCCC(C=CC1C(CC(=C)C1CC=CCCCC(=O)O)O)O
InChIKey: VTHUYJIXSMGYOQ-KOORYGTMSA-N, SMILES: CC(=O)C1(CCC2C1(CCC3C2CCC4=CC(=O)CCC34C)C)OC(=O)C
InChIKey: XZFRIPGNUQRGPI-WLPVIMDJSA-N, SMILES: CCCCCC(C=CC1C(CC2C1CC(=CCCCC(=O)O)C2)O)O
Failed to retrieve SMILES for HCUGXVMPKKQEFC-ZNTNEXAZNA-N: 404 Client Error: PUGREST.NotFound for url: https://pubchem.ncbi.nlm.nih.gov/rest/pug/compound/inchikey/HCUGXVMPKKQEFC-ZNTNEXAZNA-N/property/CanonicalSMILES/JSON
Failed to retrieve SMILES for HPQRNYYKWOTIFD-BENRWUELNA-N: 404 Client Error: PUGREST.NotFound for url: https://pubchem.ncbi.nlm.nih.gov/rest/pug/compound/inchikey/HPQRNYYKWOTIFD-BENRWUELNA-N/property/CanonicalSMILES/JSON
InChIKey: IOMBMOCSWVAYQU-UHFFFAOYSA-N, SMILES: CC1(C2CCC3=C(C2(CC(C1OC(=O)CC(C)(CC(=O)NCC(=O)O)O)O)C)CC(C4(C3(CCC4C(CCC(C(C)(C)O)O)CO)C)C)O)C
Failed to retrieve SMILES for PXHDTXBIEYGXIV-QBFSEMIENA-N: 404 Client Error: PUGREST.NotFound for url: https://pubchem.ncbi.nlm.nih.gov/rest/pug/compound/inchikey/PXHDTXBIEYGXIV-QBFSEMIENA-N/property/CanonicalSMILES/JSON
Failed to retrieve SMILES for TYUULCXLSMNSGG-ZNTNEXAZNA-N: 404 Client Error: PUGREST.NotFound for url: https://pubchem.ncbi.nlm.nih.gov/rest/pug/compound/inchikey/TYUULCXLSMNSGG-ZNTNEXAZNA-N/property/CanonicalSMILES/JSON
Failed to retrieve SMILES for USOHQLNSOCLNJW-LUAWRHEFNA-N: 404 Client Error: PUGREST.NotFound for url: https://pubchem.ncbi.nlm.nih.gov/rest/pug/compound/inchikey/USOHQLNSOCLNJW-LUAWRHEFNA-N/property/CanonicalSMILES/JSON
Failed to retrieve SMILES for UZCSCRBXSCQHNP-ZNTNEXAZNA-N: 404 Client Error: PUGREST.NotFound for url: https://pubchem.ncbi.nlm.nih.gov/rest/pug/compound/inchikey/UZCSCRBXSCQHNP-ZNTNEXAZNA-N/property/CanonicalSMILES/JSON
Failed to retrieve SMILES for VMPMTUIYXGHGQW-VXGDKBMINA-N: 404 Client Error: PUGREST.NotFound for url: https://pubchem.ncbi.nlm.nih.gov/rest/pug/compound/inchikey/VMPMTUIYXGHGQW-VXGDKBMINA-N/property/CanonicalSMILES/JSON
Failed to retrieve SMILES for XFWUVEMJSBDHNK-MNDPQUGUNA-N: 404 Client Error: PUGREST.NotFound for url: https://pubchem.ncbi.nlm.nih.gov/rest/pug/compound/inchikey/XFWUVEMJSBDHNK-MNDPQUGUNA-N/property/CanonicalSMILES/JSON
Failed to retrieve SMILES for ZQFJSWYFJMUIST-ZNTNEXAZNA-N: 404 Client Error: PUGREST.NotFound for url: https://pubchem.ncbi.nlm.nih.gov/rest/pug/compound/inchikey/ZQFJSWYFJMUIST-ZNTNEXAZNA-N/property/CanonicalSMILES/JSON
Failed to retrieve SMILES for QAXAIGXHZKFJPP-BCTRXSSUNA-N: 404 Client Error: PUGREST.NotFound for url: https://pubchem.ncbi.nlm.nih.gov/rest/pug/compound/inchikey/QAXAIGXHZKFJPP-BCTRXSSUNA-N/property/CanonicalSMILES/JSON
Failed to retrieve SMILES for AKKVFAMHPNGEEV-BCTRXSSUNA-N: 404 Client Error: PUGREST.NotFound for url: https://pubchem.ncbi.nlm.nih.gov/rest/pug/compound/inchikey/AKKVFAMHPNGEEV-BCTRXSSUNA-N/property/CanonicalSMILES/JSON
Failed to retrieve SMILES for QAXAIGXHZKFJPP-BCTRXSSUNA-N: 404 Client Error: PUGREST.NotFound for url: https://pubchem.ncbi.nlm.nih.gov/rest/pug/compound/inchikey/QAXAIGXHZKFJPP-BCTRXSSUNA-N/property/CanonicalSMILES/JSON
Failed to retrieve SMILES for KYWXRVURTQDNRZ-NAJYLAQMNA-N: 404 Client Error: PUGREST.NotFound for url: https://pubchem.ncbi.nlm.nih.gov/rest/pug/compound/inchikey/KYWXRVURTQDNRZ-NAJYLAQMNA-N/property/CanonicalSMILES/JSON
Failed to retrieve SMILES for MACYLGDLUUPFFX-CUPSRIDJNA-N: 404 Client Error: PUGREST.NotFound for url: https://pubchem.ncbi.nlm.nih.gov/rest/pug/compound/inchikey/MACYLGDLUUPFFX-CUPSRIDJNA-N/property/CanonicalSMILES/JSON
Failed to retrieve SMILES for PETGSPKDZSDCDH-CPKHXUCRNA-N: 404 Client Error: PUGREST.NotFound for url: https://pubchem.ncbi.nlm.nih.gov/rest/pug/compound/inchikey/PETGSPKDZSDCDH-CPKHXUCRNA-N/property/CanonicalSMILES/JSON
Failed to retrieve SMILES for JYGXADMDTFJGBT-UHFFFAOYNA-N: 404 Client Error: PUGREST.NotFound for url: https://pubchem.ncbi.nlm.nih.gov/rest/pug/compound/inchikey/JYGXADMDTFJGBT-UHFFFAOYNA-N/property/CanonicalSMILES/JSON
InChIKey: JYGXADMDTFJGBT-UHFFFAOYSA-N, SMILES: CC12CCC(=O)C=C1CCC3C2C(CC4(C3CCC4(C(=O)CO)O)C)O
InChIKey: JYGXADMDTFJGBT-VWUMJDOOSA-N, SMILES: CC12CCC(=O)C=C1CCC3C2C(CC4(C3CCC4(C(=O)CO)O)C)O
InChIKey: RVOXVZIZUGYSPL-WGYJBZKWSA-N, SMILES: CC12CCC(=O)C=C1C(CC3C2CCC4(C3CCC4(C(=O)CO)O)C)O
InChIKey: YCLWEYIBFOLMEM-WGBHBIKTSA-N, SMILES: CC12CCC(=O)CC1CCC3C2C(=O)CC4(C3CCC4(C(=O)CO)O)C
InChIKey: YKQDRSAOXBPFTF-MWHLHXAISA-N, SMILES: CC12CC(=O)C3C(C1CCC2(C(CO)O)O)CCC4C3(C=CC(=O)C4)C
